[2023-03-16T07:32:03.629] [ERROR] error - Producto id: 5656 no encontrado
[2023-03-16T07:33:43.923] [ERROR] error - Producto id: 565676765 no encontrado
[2023-04-13T09:36:40.324] [ERROR] error - Producto id: c4f03541-0317-4753-af74-4bf0fd5260a6 no encontrado
[2023-04-13T09:37:40.060] [ERROR] error - Producto id: NaN no encontrado
[2023-04-13T09:39:37.886] [ERROR] error - Producto id: NaN no encontrado
[2023-04-19T12:39:59.019] [ERROR] error - Producto id: a17ca00b-fc9e-4467-aaa3-6e9cbf0423bb no encontrado
[2023-04-19T12:42:12.582] [ERROR] error - Producto id: 10d6dd83-c8bd-4801-8c05-4ab3e1b3661c no encontrado
[2023-04-19T12:43:45.684] [ERROR] error - Producto id: id:b1b57ea9-d746-4b4e-aa7a-3389a90000dc no encontrado
[2023-04-19T12:44:17.159] [ERROR] error - Producto id: b1b57ea9-d746-4b4e-aa7a-3389a90000dc no encontrado
[2023-04-19T12:44:46.048] [ERROR] error - Producto id: 8a3d932c-5442-4a09-b505-580837f95a8b no encontrado
[2023-04-19T12:45:48.358] [ERROR] error - Producto id: e94eb931-b2c1-4d4c-93e7-17660a4ad35e no encontrado
[2023-04-19T12:49:23.470] [ERROR] error - Producto id: e18ca11d-fccd-47ff-a3db-44c41eaab43b no encontrado
[2023-04-19T12:49:42.061] [ERROR] error - Producto id: 9ec89b5f-041c-4e56-9446-9312d851c1ed no encontrado
[2023-04-19T12:52:53.603] [ERROR] error - Producto id: f784fc8b-7365-420a-88ea-46abaa21331b no encontrado
[2023-04-19T12:55:03.583] [ERROR] error - Producto id: 65f50d6f-c152-43e2-b17b-7bb1fdf38812 no encontrado
[2023-04-19T14:30:21.006] [ERROR] error - Producto id: 9162fed0-44e8-4b76-8649-ed4673160d71 no encontrado
[2023-04-25T09:35:51.953] [ERROR] error - Producto id: 24 no encontrado
[2023-04-25T09:38:06.972] [ERROR] error - Producto id: 24 no encontrado
[2023-04-25T09:39:26.544] [ERROR] error - Producto id: 24 no encontrado
[2023-04-25T09:57:30.270] [ERROR] error - Producto id: 24 no encontrado
[2023-04-25T09:57:30.284] [ERROR] error - Producto id: 9729790c-407b-4b43-ae61-11ad15154e53 no encontrado
[2023-04-25T09:57:30.290] [ERROR] error - Producto id: 25 no encontrado
[2023-04-25T10:18:16.683] [ERROR] error - Producto id: 24 no encontrado
[2023-04-25T10:18:16.696] [ERROR] error - Producto id: 899ab8fe-b93f-4485-a96b-a1af40e19352 no encontrado
[2023-04-25T10:18:16.702] [ERROR] error - Producto id: 25 no encontrado
[2023-04-25T10:18:49.877] [ERROR] error - Producto id: 24 no encontrado
[2023-04-25T10:18:49.891] [ERROR] error - Producto id: 1871ff27-a0e6-4802-a305-bf2748a115b3 no encontrado
[2023-04-25T10:18:49.896] [ERROR] error - Producto id: 25 no encontrado
[2023-04-25T10:22:02.282] [ERROR] error - Producto id: 24 no encontrado
[2023-04-25T10:22:02.295] [ERROR] error - Producto id: f9a4d47b-6082-4b7c-9798-96a58b0bbf97 no encontrado
[2023-04-25T10:22:02.301] [ERROR] error - Producto id: 25 no encontrado
[2023-04-25T10:28:53.147] [ERROR] error - Producto id: 24 no encontrado
[2023-04-25T10:28:53.160] [ERROR] error - Producto id: a438221d-9bc0-40a0-95bf-55dd437b0577 no encontrado
[2023-04-25T10:28:53.166] [ERROR] error - Producto id: 25 no encontrado
[2023-04-25T10:30:02.486] [ERROR] error - Producto id: 24 no encontrado
[2023-04-25T10:30:02.499] [ERROR] error - Producto id: d547e9df-6165-4758-b9f6-50a13211359a no encontrado
[2023-04-25T10:30:02.504] [ERROR] error - Producto id: 25 no encontrado
[2023-04-25T10:34:02.246] [ERROR] error - Producto id: 24 no encontrado
[2023-04-25T10:34:02.260] [ERROR] error - Producto id: 61d1e2fa-2990-4ed7-a315-784a2f11b35a no encontrado
[2023-04-25T10:34:02.265] [ERROR] error - Producto id: 25 no encontrado
[2023-04-25T10:37:00.340] [ERROR] error - Producto id: 24 no encontrado
[2023-04-25T10:37:00.352] [ERROR] error - Producto id: e5147b00-ad3d-482f-81e7-494043d7c46e no encontrado
[2023-04-25T10:37:00.357] [ERROR] error - Producto id: 25 no encontrado
[2023-04-25T10:59:20.670] [ERROR] error - Producto id: 24 no encontrado
[2023-04-25T10:59:20.681] [ERROR] error - Producto id: 8e8a4abc-8dd6-4e89-aa83-9a43842fb135 no encontrado
[2023-04-25T10:59:20.687] [ERROR] error - Producto id: 25 no encontrado
